<?xml version="1.0" encoding="UTF-8"?>
<!-- Generated by org.testng.reporters.JUnitReportReporter -->
<testsuite hostname="Ram" failures="0" tests="2" name="testPackage.PropertiesDemo" time="0.017" errors="0" timestamp="2023-12-27T12:46:19 IST" skipped="0">
  <testcase classname="testPackage.PropertiesDemo" name="cagetprop" time="0.016"/>
  <system-out/>
  <testcase classname="testPackage.PropertiesDemo" name="checking" time="0.001"/>
  <system-out/>
</testsuite> <!-- testPackage.PropertiesDemo -->
