<?xml version="1.0" encoding="UTF-8"?>
<!-- Generated by org.testng.reporters.JUnitReportReporter -->
<testsuite hostname="Ram" failures="0" tests="1" name="testPackage.ExtendingDemo" time="0.053" errors="0" timestamp="2023-11-02T10:17:46 IST" skipped="0">
  <testcase classname="testPackage.ExtendingDemo" name="checkTitle" time="0.053"/>
  <system-out/>
</testsuite> <!-- testPackage.ExtendingDemo -->
